<?xml version="1.0" encoding="UTF-8"?>
<!-- Generated by org.testng.reporters.JUnitXMLReporter -->
<testsuite ignored="0" hostname="ISIPL-PUNV-L406.local" failures="0" tests="4" name="Default test" time="16.961" errors="0" timestamp="2024-03-31T13:02:45 IST">
  <testcase classname="api.testcases.UserTest2" name="testCreateUser" time="4.171"/>
  <testcase classname="api.testcases.UserTest2" name="testGetUserData" time="1.781"/>
  <testcase classname="api.testcases.UserTest2" name="testUpdateUser" time="3.22"/>
  <testcase classname="api.testcases.UserTest2" name="testDeleteUser" time="1.647"/>
</testsuite> <!-- Default test -->
