<?xml version="1.0" encoding="UTF-8"?>
<!-- Generated by org.testng.reporters.JUnitXMLReporter -->
<testsuite ignored="0" hostname="ISIPL-PUNV-L406.local" failures="0" tests="4" name="Test" time="16.72" errors="0" timestamp="2024-03-31T12:13:04 IST">
  <testcase classname="api.testcases.UserTest2" name="testCreateUser" time="3.928"/>
  <testcase classname="api.testcases.UserTest2" name="testGetUserData" time="1.707"/>
  <testcase classname="api.testcases.UserTest2" name="testUpdateUser" time="3.23"/>
  <testcase classname="api.testcases.UserTest2" name="testDeleteUser" time="1.558"/>
</testsuite> <!-- Test -->
