<?xml version="1.0" encoding="UTF-8"?>
<testng-results ignored="0" total="4" passed="4" failed="0" skipped="0">
  <reporter-output>
  </reporter-output>
  <suite started-at="2024-03-31T13:02:23 IST" name="Default suite" finished-at="2024-03-31T13:02:40 IST" duration-ms="16961">
    <groups>
    </groups>
    <test started-at="2024-03-31T13:02:23 IST" name="Default test" finished-at="2024-03-31T13:02:40 IST" duration-ms="16961">
      <class name="api.testcases.UserTest2">
        <test-method is-config="true" signature="generateTestData()[pri:0, instance:api.testcases.UserTest2@6404f418]" started-at="2024-03-31T13:02:23 IST" name="generateTestData" finished-at="2024-03-31T13:02:29 IST" duration-ms="6009" status="PASS">
          <reporter-output>
          </reporter-output>
        </test-method> <!-- generateTestData -->
        <test-method signature="testCreateUser()[pri:1, instance:api.testcases.UserTest2@6404f418]" started-at="2024-03-31T13:02:29 IST" name="testCreateUser" finished-at="2024-03-31T13:02:33 IST" duration-ms="4171" status="PASS">
          <reporter-output>
          </reporter-output>
        </test-method> <!-- testCreateUser -->
        <test-method signature="testGetUserData()[pri:2, instance:api.testcases.UserTest2@6404f418]" started-at="2024-03-31T13:02:33 IST" name="testGetUserData" finished-at="2024-03-31T13:02:35 IST" duration-ms="1781" status="PASS">
          <reporter-output>
          </reporter-output>
        </test-method> <!-- testGetUserData -->
        <test-method signature="testUpdateUser()[pri:3, instance:api.testcases.UserTest2@6404f418]" started-at="2024-03-31T13:02:35 IST" name="testUpdateUser" finished-at="2024-03-31T13:02:38 IST" duration-ms="3220" status="PASS">
          <reporter-output>
          </reporter-output>
        </test-method> <!-- testUpdateUser -->
        <test-method signature="testDeleteUser()[pri:4, instance:api.testcases.UserTest2@6404f418]" started-at="2024-03-31T13:02:38 IST" name="testDeleteUser" finished-at="2024-03-31T13:02:40 IST" duration-ms="1647" status="PASS">
          <reporter-output>
          </reporter-output>
        </test-method> <!-- testDeleteUser -->
      </class> <!-- api.testcases.UserTest2 -->
    </test> <!-- Default test -->
  </suite> <!-- Default suite -->
</testng-results>
